<?xml version="1.0" encoding="utf-8"?><testsuites name="pytest tests"><testsuite name="pytest" errors="0" failures="0" skipped="0" tests="12" time="27.599" timestamp="2026-05-20T21:36:51.170784+00:00" hostname="agent-env-4b53d550-3b2e-4f72-99e5-f0733859210d"><testcase classname="backend.tests.phase13_friend_suggestions_test.TestFriendSuggestions" name="test_200_and_shape" time="26.258" /><testcase classname="backend.tests.phase13_friend_suggestions_test.TestFriendSuggestions" name="test_404_unknown_user" time="0.045" /><testcase classname="backend.tests.phase13_friend_suggestions_test.TestFriendSuggestions" name="test_group_mates_contains_bob_and_charlie" time="0.049" /><testcase classname="backend.tests.phase13_friend_suggestions_test.TestFriendSuggestions" name="test_friends_of_friends_contains_eve" time="0.050" /><testcase classname="backend.tests.phase13_friend_suggestions_test.TestFriendSuggestions" name="test_excluded_friend_pending_blocked" time="0.049" /><testcase classname="backend.tests.phase13_friend_suggestions_test.TestFriendSuggestions" name="test_privacy_hidden_excluded" time="0.049" /><testcase classname="backend.tests.phase13_friend_suggestions_test.TestFriendSuggestions" name="test_self_excluded" time="0.051" /><testcase classname="backend.tests.phase13_friend_suggestions_test.TestFriendSuggestions" name="test_cross_list_dedup_gm_priority" time="0.050" /><testcase classname="backend.tests.phase13_friend_suggestions_test.TestFriendSuggestions" name="test_limit_caps_each_list" time="0.051" /><testcase classname="backend.tests.phase13_friend_suggestions_test.TestFriendSuggestions" name="test_sort_first_name_asc_within_equal_mutual" time="0.050" /><testcase classname="backend.tests.phase13_friend_suggestions_test.TestSmokeRegression" name="test_friend_request_send_and_list" time="0.098" /><testcase classname="backend.tests.phase13_friend_suggestions_test.TestSmokeRegression" name="test_login_email_and_logout" time="0.616" /></testsuite></testsuites>