<?xml version="1.0" encoding="utf-8"?><testsuites name="pytest tests"><testsuite name="pytest" errors="0" failures="0" skipped="0" tests="11" time="41.192" timestamp="2026-05-20T21:17:59.562727+00:00" hostname="agent-env-4b53d550-3b2e-4f72-99e5-f0733859210d"><testcase classname="tests.phase11_friend_request_test.TestAuthSmoke" name="test_auth_config_ok" time="0.006" /><testcase classname="tests.phase11_friend_request_test.TestAuthSmoke" name="test_no_duplicate_logout_route" time="0.276" /><testcase classname="tests.phase11_friend_request_test.TestAuthSmoke" name="test_logout_revokes_jwt" time="0.281" /><testcase classname="tests.phase11_friend_request_test.TestRegistration" name="test_single_user_no_duplicate" time="0.252" /><testcase classname="tests.phase11_friend_request_test.TestRegistration" name="test_strip_names_and_last_login_meta" time="0.244" /><testcase classname="tests.phase11_friend_request_test.TestRegistration" name="test_auto_verification_email_b_n06" time="0.238" /><testcase classname="tests.phase11_friend_request_test.TestVerifyEmailAnonymous" name="test_anonymous_verify_returns_access_token" time="0.245" /><testcase classname="tests.phase11_friend_request_test.TestFriendRequestWebToTelegram" name="test_phantom_sender_rejected" time="0.004" /><testcase classname="tests.phase11_friend_request_test.TestFriendRequestWebToTelegram" name="test_web_user_to_telegram_user_arrives" time="0.623" /><testcase classname="tests.phase11_friend_request_test.TestFriendRequestWebToTelegram" name="test_orphan_cleanup_removes_phantom_row" time="0.008" /><testcase classname="tests.phase11_friend_request_test.TestReferralCode" name="test_referral_code_links_users" time="0.500" /></testsuite></testsuites>