<?xml version="1.0" encoding="utf-8"?><testsuites name="pytest tests"><testsuite name="pytest" errors="0" failures="1" skipped="0" tests="16" time="11.551" timestamp="2026-04-22T20:53:48.746163+00:00" hostname="agent-env-d2e6bded-6593-4245-8cd7-ddc95512adaf"><testcase classname="backend.tests.stage9_backend_test.TestAuthConfig" name="test_config_features" time="0.004" /><testcase classname="backend.tests.stage9_backend_test.TestLoginEmailEmptyPassword" name="test_login_empty_password_422" time="0.046" /><testcase classname="backend.tests.stage9_backend_test.TestPasswordForgotReset" name="test_forgot_unknown_email_returns_200" time="0.044" /><testcase classname="backend.tests.stage9_backend_test.TestPasswordForgotReset" name="test_forgot_existing_email_writes_log_and_reset_works" time="1.908" /><testcase classname="backend.tests.stage9_backend_test.TestPasswordChange" name="test_change_no_auth_401" time="0.042" /><testcase classname="backend.tests.stage9_backend_test.TestPasswordChange" name="test_change_full_flow" time="3.020"><failure message="AssertionError: JWT should be revoked after password change, got 200&#10;assert 200 == 401&#10; +  where 200 = &lt;Response [200]&gt;.status_code">backend/tests/stage9_backend_test.py:179: in test_change_full_flow
    assert r_me_after.status_code == 401, \
E   AssertionError: JWT should be revoked after password change, got 200
E   assert 200 == 401
E    +  where 200 = &lt;Response [200]&gt;.status_code</failure></testcase><testcase classname="backend.tests.stage9_backend_test.TestEmailVerification" name="test_send_verification_requires_auth" time="0.042" /><testcase classname="backend.tests.stage9_backend_test.TestEmailVerification" name="test_verification_flow" time="0.812" /><testcase classname="backend.tests.stage9_backend_test.TestSessions" name="test_sessions_list_and_delete" time="0.768" /><testcase classname="backend.tests.stage9_backend_test.TestSessions" name="test_logout_all_keep_current_true" time="0.678" /><testcase classname="backend.tests.stage9_backend_test.TestSessions" name="test_logout_all_keep_current_false" time="0.626" /><testcase classname="backend.tests.stage9_backend_test.TestSessions" name="test_logout_revokes_only_current" time="0.672" /><testcase classname="backend.tests.stage9_backend_test.TestUserPublicFields" name="test_me_exposes_new_fields" time="0.314" /><testcase classname="backend.tests.stage9_backend_test.TestReferral" name="test_referral_flow" time="1.705" /><testcase classname="backend.tests.stage9_backend_test.TestP1Fixes" name="test_delete_link_email_no_email_returns_404" time="0.285" /><testcase classname="backend.tests.stage9_backend_test.TestRegressionFlow" name="test_full_flow" time="0.450" /></testsuite></testsuites>