<?xml version="1.0" encoding="utf-8"?><testsuites name="pytest tests"><testsuite name="pytest" errors="0" failures="4" skipped="0" tests="15" time="12.314" timestamp="2026-04-22T20:46:41.156810+00:00" hostname="agent-env-d2e6bded-6593-4245-8cd7-ddc95512adaf"><testcase classname="backend.tests.stage9_backend_test.TestAuthConfig" name="test_config_features" time="0.004" /><testcase classname="backend.tests.stage9_backend_test.TestLoginEmailEmptyPassword" name="test_login_empty_password_422" time="0.048" /><testcase classname="backend.tests.stage9_backend_test.TestPasswordForgotReset" name="test_forgot_unknown_email_returns_200" time="0.045" /><testcase classname="backend.tests.stage9_backend_test.TestPasswordForgotReset" name="test_forgot_existing_email_writes_log_and_reset_works" time="1.908" /><testcase classname="backend.tests.stage9_backend_test.TestPasswordChange" name="test_change_no_auth_401" time="0.042" /><testcase classname="backend.tests.stage9_backend_test.TestPasswordChange" name="test_change_full_flow" time="3.621" /><testcase classname="backend.tests.stage9_backend_test.TestEmailVerification" name="test_send_verification_requires_auth" time="0.042" /><testcase classname="backend.tests.stage9_backend_test.TestEmailVerification" name="test_verification_flow" time="1.162" /><testcase classname="backend.tests.stage9_backend_test.TestSessions" name="test_sessions_list_and_delete" time="0.712"><failure message="AssertionError: expected 401 for revoked session, got 200&#10;assert 200 == 401&#10; +  where 200 = &lt;Response [200]&gt;.status_code">backend/tests/stage9_backend_test.py:266: in test_sessions_list_and_delete
    assert r_me.status_code == 401, f"expected 401 for revoked session, got {r_me.status_code}"
E   AssertionError: expected 401 for revoked session, got 200
E   assert 200 == 401
E    +  where 200 = &lt;Response [200]&gt;.status_code</failure></testcase><testcase classname="backend.tests.stage9_backend_test.TestSessions" name="test_logout_all_keep_current_true" time="0.671"><failure message="assert 200 == 401&#10; +  where 200 = &lt;Response [200]&gt;.status_code">backend/tests/stage9_backend_test.py:291: in test_logout_all_keep_current_true
    assert r_b.status_code == 401
E   assert 200 == 401
E    +  where 200 = &lt;Response [200]&gt;.status_code</failure></testcase><testcase classname="backend.tests.stage9_backend_test.TestSessions" name="test_logout_all_keep_current_false" time="0.631"><failure message="assert 200 == 401&#10; +  where 200 = &lt;Response [200]&gt;.status_code">backend/tests/stage9_backend_test.py:303: in test_logout_all_keep_current_false
    assert r_me.status_code == 401
E   assert 200 == 401
E    +  where 200 = &lt;Response [200]&gt;.status_code</failure></testcase><testcase classname="backend.tests.stage9_backend_test.TestSessions" name="test_logout_revokes_only_current" time="0.624"><failure message="assert 200 == 401&#10; +  where 200 = &lt;Response [200]&gt;.status_code">backend/tests/stage9_backend_test.py:318: in test_logout_revokes_only_current
    assert r1.status_code == 401
E   assert 200 == 401
E    +  where 200 = &lt;Response [200]&gt;.status_code</failure></testcase><testcase classname="backend.tests.stage9_backend_test.TestReferral" name="test_referral_flow" time="1.942" /><testcase classname="backend.tests.stage9_backend_test.TestP1Fixes" name="test_delete_link_email_no_email_returns_404" time="0.279" /><testcase classname="backend.tests.stage9_backend_test.TestRegressionFlow" name="test_full_flow" time="0.444" /></testsuite></testsuites>